<?xml version="1.0" encoding="UTF-8"?>
<!-- Generated by org.testng.reporters.JUnitXMLReporter -->
<testsuite ignored="4" hostname="DESKTOP-PHAAG6T" failures="0" tests="5" name="Simple Test Cases" time="0.155" errors="0" timestamp="2026-01-07T07:31:53 IST">
  <testcase classname="com.Day1" name="demo2" time="0.009"/>
  <testcase classname="com.Day1" name="demo3" time="0.001"/>
  <testcase classname="com.Day2" name="MobileLogin" time="0.002"/>
  <testcase classname="com.Day2" name="MobileLogoff" time="0.001"/>
  <testcase classname="com.Day2" name="MobileRestart" time="0.001"/>
  <testcase classname="com.Day2" name="PaymentInitiated" time="0.0">
    <ignored/>
  </testcase> <!-- PaymentInitiated -->
  <testcase classname="com.Day2" name="PaymentFailed" time="0.0">
    <ignored/>
  </testcase> <!-- PaymentFailed -->
  <testcase classname="com.Day2" name="PaymentSuccess" time="0.0">
    <ignored/>
  </testcase> <!-- PaymentSuccess -->
  <testcase classname="com.Day1" name="demo1" time="0.0">
    <ignored/>
  </testcase> <!-- demo1 -->
</testsuite> <!-- Simple Test Cases -->
